<?xml version="1.0" encoding="UTF-8"?>
<robot generator="Robot 7.0.1 (Python 3.11.2 on win32)" generated="2024-07-02T19:58:34.023654" rpa="false" schemaversion="5">
<suite id="s1" name="Dictauto" source="E:\robot-basics\dictauto.robot">
<test id="s1-t1" name="Test Dictionary Logs" line="10">
<kw name="Log Dictionary" owner="FileUtilities">
<arg>${filepath}</arg>
<arg>${process1}</arg>
<status status="PASS" start="2024-07-02T19:58:34.049538" elapsed="0.000000"/>
</kw>
<kw name="Log Dictionary" owner="FileUtilities">
<arg>${filepath}</arg>
<arg>${process2}</arg>
<status status="PASS" start="2024-07-02T19:58:34.049538" elapsed="0.000999"/>
</kw>
<status status="PASS" start="2024-07-02T19:58:34.048529" elapsed="0.002008"/>
</test>
<doc>Login Functionality</doc>
<status status="PASS" start="2024-07-02T19:58:34.025659" elapsed="0.025878"/>
</suite>
<statistics>
<total>
<stat pass="1" fail="0" skip="0">All Tests</stat>
</total>
<tag>
</tag>
<suite>
<stat pass="1" fail="0" skip="0" id="s1" name="Dictauto">Dictauto</stat>
</suite>
</statistics>
<errors>
</errors>
</robot>
