<?xml version="1.0" encoding="UTF-8"?>
<robot generator="Robot 6.1.1 (Python 3.11.2 on win32)" generated="20240705 19:56:32.183" rpa="false" schemaversion="4">
<suite id="s1" name="Windowkeycontextmenu" source="E:\robot-basics\windowkeycontextmenu.robot">
<test id="s1-t1" name="Open Desktop SearchBox" line="5">
<kw name="Send Keys" library="RPA.Windows">
<arg>desktop</arg>
<arg>{WIN}{d}</arg>
<tag>action</tag>
<tag>keyboard</tag>
<doc>Send keys to desktop, current window or to Control element
defined by given locator.</doc>
<msg timestamp="20240705 19:56:32.425" level="INFO">Getting element with locator: desktop</msg>
<msg timestamp="20240705 19:56:32.617" level="INFO">Resulted root element: WindowsElement(item=&lt;uiautomation.uiautomation.PaneControl object at 0x000001CB39052D90&gt;, locator=None, name='Desktop 1', automation_id='', control_type='PaneControl', class_name='#32769', left=0, right=1366, top=0, bottom=768, width=1366, height=768, xcenter=683, ycenter=384)</msg>
<msg timestamp="20240705 19:56:32.618" level="INFO">Locator 'desktop' produced matcher: MatchObject(locators=[('desktop', 'desktop', 0)], _classes=set(), max_level=0)</msg>
<msg timestamp="20240705 19:56:32.619" level="INFO">Returning element: WindowsElement(item=&lt;uiautomation.uiautomation.PaneControl object at 0x000001CB390500D0&gt;, locator='desktop', name='Desktop 1', automation_id='', control_type='PaneControl', class_name='#32769', left=0, right=1366, top=0, bottom=768, width=1366, height=768, xcenter=683, ycenter=384)</msg>
<msg timestamp="20240705 19:56:32.620" level="INFO">Sending keys '{WIN}{d}' to element: ControlType: PaneControl    ClassName: #32769    AutomationId:     Rect: (0,0,1366,768)[1366x768]    Name: 'Desktop 1'    Handle: 0x10010(65552)</msg>
<status status="PASS" starttime="20240705 19:56:32.424" endtime="20240705 19:56:33.185"/>
</kw>
<kw name="Send Keys" library="RPA.Windows">
<arg>desktop</arg>
<arg>{WIN}</arg>
<tag>action</tag>
<tag>keyboard</tag>
<doc>Send keys to desktop, current window or to Control element
defined by given locator.</doc>
<msg timestamp="20240705 19:56:33.186" level="INFO">Getting element with locator: desktop</msg>
<msg timestamp="20240705 19:56:33.188" level="INFO">Resulted root element: WindowsElement(item=&lt;uiautomation.uiautomation.PaneControl object at 0x000001CB39053BD0&gt;, locator=None, name='Desktop 1', automation_id='', control_type='PaneControl', class_name='#32769', left=0, right=1366, top=0, bottom=768, width=1366, height=768, xcenter=683, ycenter=384)</msg>
<msg timestamp="20240705 19:56:33.188" level="INFO">Locator 'desktop' produced matcher: MatchObject(locators=[('desktop', 'desktop', 0)], _classes=set(), max_level=0)</msg>
<msg timestamp="20240705 19:56:33.190" level="INFO">Returning element: WindowsElement(item=&lt;uiautomation.uiautomation.PaneControl object at 0x000001CB39053990&gt;, locator='desktop', name='Desktop 1', automation_id='', control_type='PaneControl', class_name='#32769', left=0, right=1366, top=0, bottom=768, width=1366, height=768, xcenter=683, ycenter=384)</msg>
<msg timestamp="20240705 19:56:33.192" level="INFO">Sending keys '{WIN}' to element: ControlType: PaneControl    ClassName: #32769    AutomationId:     Rect: (0,0,1366,768)[1366x768]    Name: 'Desktop 1'    Handle: 0x10010(65552)</msg>
<status status="PASS" starttime="20240705 19:56:33.186" endtime="20240705 19:56:33.716"/>
</kw>
<kw name="Send Keys" library="RPA.Windows">
<arg>id:SearchTextBox</arg>
<arg>cmd</arg>
<tag>action</tag>
<tag>keyboard</tag>
<doc>Send keys to desktop, current window or to Control element
defined by given locator.</doc>
<msg timestamp="20240705 19:56:33.718" level="INFO">Getting element with locator: id:SearchTextBox</msg>
<msg timestamp="20240705 19:56:33.722" level="INFO">Resulted root element: WindowsElement(item=&lt;uiautomation.uiautomation.PaneControl object at 0x000001CB3908C6D0&gt;, locator=None, name='Desktop 1', automation_id='', control_type='PaneControl', class_name='#32769', left=0, right=1366, top=0, bottom=768, width=1366, height=768, xcenter=683, ycenter=384)</msg>
<msg timestamp="20240705 19:56:33.723" level="INFO">Locator 'id:SearchTextBox' produced matcher: MatchObject(locators=[('AutomationId', 'SearchTextBox', 0)], _classes=set(), max_level=0)</msg>
<msg timestamp="20240705 19:56:33.995" level="INFO">Returning element: WindowsElement(item=&lt;uiautomation.uiautomation.EditControl object at 0x000001CB390501D0&gt;, locator='id:SearchTextBox', name='Search box', automation_id='SearchTextBox', control_type='EditControl', class_name='RichEditBox', left=319, right=1047, top=71, bottom=103, width=728, height=32, xcenter=683, ycenter=87)</msg>
<msg timestamp="20240705 19:56:33.997" level="INFO">Sending keys 'cmd' to element: ControlType: EditControl    ClassName: RichEditBox    AutomationId: SearchTextBox    Rect: (319,71,1047,103)[728x32]    Name: 'Search box'    Handle: 0x0(0)</msg>
<status status="PASS" starttime="20240705 19:56:33.717" endtime="20240705 19:56:34.551"/>
</kw>
<status status="PASS" starttime="20240705 19:56:32.424" endtime="20240705 19:56:34.552"/>
</test>
<test id="s1-t2" name="Open Context Menu and Run the application as Administrator" line="9">
<kw name="Control Window" library="RPA.Windows">
<arg>desktop</arg>
<tag>window</tag>
<doc>Controls the window defined by the locator.</doc>
<msg timestamp="20240705 19:56:34.561" level="INFO">Getting element with locator: desktop and type:WindowControl</msg>
<msg timestamp="20240705 19:56:34.561" level="INFO">Resulted root element: WindowsElement(item=&lt;uiautomation.uiautomation.PaneControl object at 0x000001CB3906E6D0&gt;, locator='desktop and type:WindowControl', name='Desktop 1', automation_id='', control_type='PaneControl', class_name='#32769', left=0, right=1366, top=0, bottom=768, width=1366, height=768, xcenter=683, ycenter=384)</msg>
<msg timestamp="20240705 19:56:34.561" level="INFO">Locator 'desktop and type:WindowControl' produced matcher: MatchObject(locators=[('desktop', 'desktop', 0), ('ControlType', 'WindowControl', 0)], _classes=set(), max_level=0)</msg>
<msg timestamp="20240705 19:56:34.565" level="INFO">Returning element: WindowsElement(item=&lt;uiautomation.uiautomation.PaneControl object at 0x000001CB3904B090&gt;, locator='desktop and type:WindowControl', name='Desktop 1', automation_id='', control_type='PaneControl', class_name='#32769', left=0, right=1366, top=0, bottom=768, width=1366, height=768, xcenter=683, ycenter=384)</msg>
<status status="PASS" starttime="20240705 19:56:34.556" endtime="20240705 19:56:34.565"/>
</kw>
<kw name="Right Click" library="RPA.Windows">
<arg>id:"PPCommand Prompt"</arg>
<tag>action</tag>
<tag>mouse</tag>
<doc>Right mouse click on element matching given locator.</doc>
<msg timestamp="20240705 19:56:34.567" level="INFO">Getting element with locator: id:"PPCommand Prompt"</msg>
<msg timestamp="20240705 19:56:34.568" level="INFO">Resulted root element: WindowsElement(item=&lt;uiautomation.uiautomation.PaneControl object at 0x000001CB3904B090&gt;, locator='desktop and type:WindowControl', name='Desktop 1', automation_id='', control_type='PaneControl', class_name='#32769', left=0, right=1366, top=0, bottom=768, width=1366, height=768, xcenter=683, ycenter=384)</msg>
<msg timestamp="20240705 19:56:34.568" level="INFO">Locator 'id:"PPCommand Prompt"' produced matcher: MatchObject(locators=[('AutomationId', 'PPCommand Prompt', 0)], _classes=set(), max_level=0)</msg>
<msg timestamp="20240705 19:56:34.664" level="INFO">Returning element: WindowsElement(item=&lt;uiautomation.uiautomation.ListItemControl object at 0x000001CB39502AD0&gt;, locator='id:"PPCommand Prompt"', name='Command Prompt, System, Press right to switch preview', automation_id='PPCommand Prompt', control_type='ListItemControl', class_name='', left=321, right=651, top=206, bottom=272, width=330, height=66, xcenter=486, ycenter=239)</msg>
<status status="PASS" starttime="20240705 19:56:34.566" endtime="20240705 19:56:35.227"/>
</kw>
<kw name="Click" library="RPA.Windows">
<arg>id:"RunAs"</arg>
<tag>action</tag>
<tag>mouse</tag>
<doc>Mouse click on element matching given locator.</doc>
<msg timestamp="20240705 19:56:35.229" level="INFO">Getting element with locator: id:"RunAs"</msg>
<msg timestamp="20240705 19:56:35.230" level="INFO">Resulted root element: WindowsElement(item=&lt;uiautomation.uiautomation.PaneControl object at 0x000001CB3904B090&gt;, locator='desktop and type:WindowControl', name='Desktop 1', automation_id='', control_type='PaneControl', class_name='#32769', left=0, right=1366, top=0, bottom=768, width=1366, height=768, xcenter=683, ycenter=384)</msg>
<msg timestamp="20240705 19:56:35.230" level="INFO">Locator 'id:"RunAs"' produced matcher: MatchObject(locators=[('AutomationId', 'RunAs', 0)], _classes=set(), max_level=0)</msg>
<msg timestamp="20240705 19:56:35.270" level="INFO">Returning element: WindowsElement(item=&lt;uiautomation.uiautomation.ListItemControl object at 0x000001CB39053BD0&gt;, locator='id:"RunAs"', name='Run as administrator', automation_id='RunAs', control_type='ListItemControl', class_name='', left=491, right=683, top=246, bottom=282, width=192, height=36, xcenter=587, ycenter=264)</msg>
<status status="PASS" starttime="20240705 19:56:35.228" endtime="20240705 19:56:35.827"/>
</kw>
<status status="PASS" starttime="20240705 19:56:34.555" endtime="20240705 19:56:35.828"/>
</test>
<doc>Task to Automation Run as Administrator</doc>
<status status="PASS" starttime="20240705 19:56:32.185" endtime="20240705 19:56:35.831"/>
</suite>
<statistics>
<total>
<stat pass="2" fail="0" skip="0">All Tests</stat>
</total>
<tag>
</tag>
<suite>
<stat pass="2" fail="0" skip="0" id="s1" name="Windowkeycontextmenu">Windowkeycontextmenu</stat>
</suite>
</statistics>
<errors>
</errors>
</robot>
