<?xml version="1.0" encoding="UTF-8"?>
<robot generator="Robot 7.0.1 (Python 3.11.2 on win32)" generated="2024-06-24T20:58:57.201304" rpa="false" schemaversion="5">
<suite id="s1" name="Github" source="E:\robot-basics\github.robot">
<test id="s1-t1" name="Testing Selenium Driver" line="6">
<kw name="Open Browser" owner="SeleniumLibrary">
<msg time="2024-06-24T20:58:57.478604" level="INFO">Opening browser 'Chrome' to base url 'https://github.com/vinodh1988/robot-selenium'.</msg>
<arg>https://github.com/vinodh1988/robot-selenium</arg>
<arg>Chrome</arg>
<doc>Opens a new browser instance to the optional ``url``.</doc>
<status status="PASS" start="2024-06-24T20:58:57.478604" elapsed="3.232115"/>
</kw>
<kw name="Click Button" owner="SeleniumLibrary">
<msg time="2024-06-24T20:59:00.711230" level="INFO">Clicking button 'id=:R55ab:'.</msg>
<arg>id=:R55ab:</arg>
<doc>Clicks the button identified by ``locator``.</doc>
<status status="PASS" start="2024-06-24T20:59:00.711230" elapsed="0.564279"/>
</kw>
<kw name="Wait Until Element Is Visible" owner="SeleniumLibrary">
<msg time="2024-06-24T20:59:06.539514" level="INFO" html="true">&lt;/td&gt;&lt;/tr&gt;&lt;tr&gt;&lt;td colspan="3"&gt;&lt;a href="selenium-screenshot-6.png"&gt;&lt;img src="selenium-screenshot-6.png" width="800px"&gt;&lt;/a&gt;</msg>
<msg time="2024-06-24T20:59:06.539514" level="FAIL">Element 'xpath= //*[@id=":rd:--label"]' not visible after 5 seconds.</msg>
<arg>xpath= //*[@id=":rd:--label"]</arg>
<doc>Waits until the element ``locator`` is visible.</doc>
<status status="FAIL" start="2024-06-24T20:59:01.277512" elapsed="5.264522">Element 'xpath= //*[@id=":rd:--label"]' not visible after 5 seconds.</status>
</kw>
<kw name="Click Element" owner="SeleniumLibrary">
<arg>xpath= //*[@id=":rd:--label"]</arg>
<doc>Click the element identified by ``locator``.</doc>
<status status="NOT RUN" start="2024-06-24T20:59:06.543044" elapsed="0.000000"/>
</kw>
<kw name="Sleep" owner="BuiltIn">
<arg>10</arg>
<doc>Pauses the test executed for the given time.</doc>
<status status="NOT RUN" start="2024-06-24T20:59:06.544045" elapsed="0.000000"/>
</kw>
<status status="FAIL" start="2024-06-24T20:58:57.477609" elapsed="9.067434">Element 'xpath= //*[@id=":rd:--label"]' not visible after 5 seconds.</status>
</test>
<doc>Login Functionality</doc>
<status status="FAIL" start="2024-06-24T20:58:57.203315" elapsed="9.342736"/>
</suite>
<statistics>
<total>
<stat pass="0" fail="1" skip="0">All Tests</stat>
</total>
<tag>
</tag>
<suite>
<stat pass="0" fail="1" skip="0" id="s1" name="Github">Github</stat>
</suite>
</statistics>
<errors>
</errors>
</robot>
