<?xml version="1.0" encoding="UTF-8"?>
<robot generator="Robot 6.1.1 (Python 3.11.2 on win32)" generated="20240705 20:24:14.449" rpa="false" schemaversion="4">
<suite id="s1" name="Draganddroop" source="E:\robot-basics\draganddroop.robot">
<test id="s1-t1" name="Open MSPAINT" line="6">
<kw name="Windows Run" library="RPA.Windows">
<arg>mspaint</arg>
<tag>window</tag>
<doc>Use Windows Run window to launch an application.</doc>
<msg timestamp="20240705 20:24:15.546" level="INFO">Sending keys '{Win}r' to element: &lt;module 'uiautomation' from 'E:\\robot-basics\\env\\Lib\\site-packages\\uiautomation\\__init__.py'&gt;</msg>
<msg timestamp="20240705 20:24:16.106" level="INFO">Sending keys 'mspaint' to element: &lt;module 'uiautomation' from 'E:\\robot-basics\\env\\Lib\\site-packages\\uiautomation\\__init__.py'&gt;</msg>
<msg timestamp="20240705 20:24:16.742" level="INFO">Sending keys '{Enter}' to element: &lt;module 'uiautomation' from 'E:\\robot-basics\\env\\Lib\\site-packages\\uiautomation\\__init__.py'&gt;</msg>
<status status="PASS" starttime="20240705 20:24:15.545" endtime="20240705 20:24:20.268"/>
</kw>
<kw name="Control Window" library="RPA.Windows">
<arg>Untitled - Paint</arg>
<tag>window</tag>
<doc>Controls the window defined by the locator.</doc>
<msg timestamp="20240705 20:24:20.281" level="INFO">Getting element with locator: Untitled - Paint and type:WindowControl</msg>
<msg timestamp="20240705 20:24:20.281" level="INFO">Resulted root element: WindowsElement(item=&lt;uiautomation.uiautomation.PaneControl object at 0x0000019EC517A690&gt;, locator='Untitled - Paint and type:WindowControl', name='Desktop 1', automation_id='', control_type='PaneControl', class_name='#32769', left=0, right=1366, top=0, bottom=768, width=1366, height=768, xcenter=683, ycenter=384)</msg>
<msg timestamp="20240705 20:24:20.281" level="INFO">Locator 'Untitled - Paint and type:WindowControl' produced matcher: MatchObject(locators=[('Name', 'Untitled - Paint', 0), ('ControlType', 'WindowControl', 0)], _classes=set(), max_level=0)</msg>
<msg timestamp="20240705 20:24:20.681" level="INFO">Returning element: WindowsElement(item=&lt;uiautomation.uiautomation.WindowControl object at 0x0000019EC10C6550&gt;, locator='Untitled - Paint and type:WindowControl', name='Untitled - Paint', automation_id='', control_type='WindowControl', class_name='MSPaintApp', left=0, right=1092, top=81, bottom=695, width=1092, height=614, xcenter=546, ycenter=388)</msg>
<status status="PASS" starttime="20240705 20:24:20.269" endtime="20240705 20:24:21.184"/>
</kw>
<status status="PASS" starttime="20240705 20:24:15.544" endtime="20240705 20:24:21.185"/>
</test>
<test id="s1-t2" name="Click the Control and Select Rectangle" line="9">
<kw name="Double Click" library="RPA.Windows">
<arg>id:CollapsedButton</arg>
<tag>action</tag>
<tag>mouse</tag>
<doc>Double mouse click on element matching given locator.</doc>
<msg timestamp="20240705 20:24:21.189" level="INFO">Getting element with locator: id:CollapsedButton</msg>
<msg timestamp="20240705 20:24:21.189" level="INFO">Resulted root element: WindowsElement(item=&lt;uiautomation.uiautomation.WindowControl object at 0x0000019EC10C6550&gt;, locator='Untitled - Paint and type:WindowControl', name='Untitled - Paint', automation_id='', control_type='WindowControl', class_name='MSPaintApp', left=0, right=1092, top=81, bottom=695, width=1092, height=614, xcenter=546, ycenter=388)</msg>
<msg timestamp="20240705 20:24:21.189" level="INFO">Locator 'id:CollapsedButton' produced matcher: MatchObject(locators=[('AutomationId', 'CollapsedButton', 0)], _classes=set(), max_level=0)</msg>
<msg timestamp="20240705 20:24:21.322" level="INFO">Returning element: WindowsElement(item=&lt;uiautomation.uiautomation.ButtonControl object at 0x0000019EC5188E90&gt;, locator='id:CollapsedButton', name='Shapes', automation_id='CollapsedButton', control_type='ButtonControl', class_name='Button', left=462, right=496, top=174, bottom=220, width=34, height=46, xcenter=479, ycenter=197)</msg>
<status status="PASS" starttime="20240705 20:24:21.187" endtime="20240705 20:24:22.228"/>
</kw>
<kw name="Set Wait Time" library="RPA.Windows">
<arg>0.5</arg>
<tag>action</tag>
<doc>Set library wait time for action keywords.</doc>
<msg timestamp="20240705 20:24:22.230" level="INFO">Previous wait time: 0.500000</msg>
<msg timestamp="20240705 20:24:22.230" level="INFO">Current wait time: 0.500000</msg>
<status status="PASS" starttime="20240705 20:24:22.229" endtime="20240705 20:24:22.230"/>
</kw>
<kw name="Click" library="RPA.Windows">
<arg>name:Rectangle</arg>
<tag>action</tag>
<tag>mouse</tag>
<doc>Mouse click on element matching given locator.</doc>
<msg timestamp="20240705 20:24:22.232" level="INFO">Getting element with locator: name:Rectangle</msg>
<msg timestamp="20240705 20:24:22.233" level="INFO">Resulted root element: WindowsElement(item=&lt;uiautomation.uiautomation.WindowControl object at 0x0000019EC10C6550&gt;, locator='Untitled - Paint and type:WindowControl', name='Untitled - Paint', automation_id='', control_type='WindowControl', class_name='MSPaintApp', left=0, right=1092, top=81, bottom=695, width=1092, height=614, xcenter=546, ycenter=388)</msg>
<msg timestamp="20240705 20:24:22.233" level="INFO">Locator 'name:Rectangle' produced matcher: MatchObject(locators=[('Name', 'Rectangle', 0)], _classes=set(), max_level=0)</msg>
<msg timestamp="20240705 20:24:32.428" level="INFO">2024-07-05 20:24:32.427 locators.py[274] _get_control_from_params -&gt; Find Control Timeout(10s): {Name: 'Rectangle'}</msg>
<msg timestamp="20240705 20:24:32.428" level="FAIL">ElementNotFound: Element not found with locator 'name:Rectangle'</msg>
<status status="FAIL" starttime="20240705 20:24:22.231" endtime="20240705 20:24:32.432"/>
</kw>
<status status="FAIL" starttime="20240705 20:24:21.187" endtime="20240705 20:24:32.433">ElementNotFound: Element not found with locator 'name:Rectangle'</status>
</test>
<test id="s1-t3" name="Move the mouse pointer and Drag and Drop" line="13">
<kw name="Move Mouse" library="RPA.Desktop">
<arg>offset:0,100</arg>
<doc>Move mouse to given coordinates.</doc>
<msg timestamp="20240705 20:24:32.435" level="INFO">Resolving locator: offset:0,100</msg>
<msg timestamp="20240705 20:24:32.435" level="INFO">Moving mouse to (479, 297)</msg>
<status status="PASS" starttime="20240705 20:24:32.434" endtime="20240705 20:24:32.435"/>
</kw>
<kw name="Drag And Drop" library="RPA.Desktop">
<arg>offset:0,0</arg>
<arg>offset:200,200</arg>
<doc>Drag mouse from source to destination while holding the left mouse button.</doc>
<msg timestamp="20240705 20:24:32.436" level="INFO">Resolving locator: offset:0,0</msg>
<msg timestamp="20240705 20:24:32.436" level="INFO">Resolving locator: offset:200,200</msg>
<msg timestamp="20240705 20:24:32.437" level="INFO">Dragging from (479, 297) to (679, 497)</msg>
<msg timestamp="20240705 20:24:32.535" level="INFO">Moving mouse to (479, 297)</msg>
<msg timestamp="20240705 20:24:32.636" level="INFO">Pressing down mouse button: Button.left</msg>
<msg timestamp="20240705 20:24:34.653" level="INFO">Moving mouse to (679, 497)</msg>
<msg timestamp="20240705 20:24:35.155" level="INFO">Releasing mouse button: Button.left</msg>
<status status="PASS" starttime="20240705 20:24:32.435" endtime="20240705 20:24:35.156"/>
</kw>
<status status="PASS" starttime="20240705 20:24:32.434" endtime="20240705 20:24:35.157"/>
</test>
<doc>Drag    and Drop Scenario</doc>
<status status="FAIL" starttime="20240705 20:24:14.451" endtime="20240705 20:24:35.158"/>
</suite>
<statistics>
<total>
<stat pass="2" fail="1" skip="0">All Tests</stat>
</total>
<tag>
</tag>
<suite>
<stat pass="2" fail="1" skip="0" id="s1" name="Draganddroop">Draganddroop</stat>
</suite>
</statistics>
<errors>
</errors>
</robot>
