<?xml version="1.0" encoding="UTF-8"?>
<robot generator="Robot 7.0.1 (Python 3.11.2 on win32)" generated="2024-06-25T20:05:43.968189" rpa="false" schemaversion="5">
<suite id="s1" name="multiTest" source="E:\robot-basics\multiTest.robot">
<test id="s1-t1" name="Testing google" line="11">
<kw name="Open Site">
<kw name="Open Browser" owner="SeleniumLibrary">
<msg time="2024-06-25T20:05:44.204553" level="INFO">Opening browser 'chrome' to base url 'https://google.co.in'.</msg>
<arg>${url}</arg>
<arg>${BROWSER}</arg>
<doc>Opens a new browser instance to the optional ``url``.</doc>
<status status="PASS" start="2024-06-25T20:05:44.204553" elapsed="3.217958"/>
</kw>
<arg>${url1}</arg>
<status status="PASS" start="2024-06-25T20:05:44.203553" elapsed="3.218958"/>
</kw>
<kw name="Fill Text And Press Enter">
<kw name="Input Text" owner="SeleniumLibrary">
<msg time="2024-06-25T20:05:47.423505" level="INFO">Typing text 'Prompt engineering' into text field 'name=q'.</msg>
<arg>name=q</arg>
<arg>${text}</arg>
<doc>Types the given ``text`` into the text field identified by ``locator``.</doc>
<status status="PASS" start="2024-06-25T20:05:47.423505" elapsed="0.151011"/>
</kw>
<kw name="Press Keys" owner="SeleniumLibrary">
<msg time="2024-06-25T20:05:47.575519" level="INFO">Sending key(s) ('RETURN',) to name=q element.</msg>
<msg time="2024-06-25T20:05:47.857218" level="INFO">Pressing special key RETURN to element.</msg>
<msg time="2024-06-25T20:05:47.857218" level="INFO">Releasing special key RETURN.</msg>
<arg>name=q</arg>
<arg>RETURN</arg>
<doc>Simulates the user pressing key(s) to an element or on the active browser.</doc>
<status status="PASS" start="2024-06-25T20:05:47.575519" elapsed="0.444995"/>
</kw>
<arg>${input}</arg>
<status status="PASS" start="2024-06-25T20:05:47.423505" elapsed="0.597009"/>
</kw>
<kw name="Sleep" owner="BuiltIn">
<msg time="2024-06-25T20:05:51.021580" level="INFO">Slept 3 seconds.</msg>
<arg>3</arg>
<doc>Pauses the test executed for the given time.</doc>
<status status="PASS" start="2024-06-25T20:05:48.021526" elapsed="3.000054"/>
</kw>
<kw name="Close Browser" owner="SeleniumLibrary">
<doc>Closes the current browser.</doc>
<status status="PASS" start="2024-06-25T20:05:51.022590" elapsed="2.514321"/>
</kw>
<status status="PASS" start="2024-06-25T20:05:44.202547" elapsed="9.335358"/>
</test>
<test id="s1-t2" name="Testing bing" line="16">
<kw name="Open Site">
<kw name="Open Browser" owner="SeleniumLibrary">
<msg time="2024-06-25T20:05:53.542443" level="INFO">Opening browser 'chrome' to base url 'https://bing.com'.</msg>
<arg>${url}</arg>
<arg>${BROWSER}</arg>
<doc>Opens a new browser instance to the optional ``url``.</doc>
<status status="PASS" start="2024-06-25T20:05:53.542443" elapsed="1.991780"/>
</kw>
<arg>${url2}</arg>
<status status="PASS" start="2024-06-25T20:05:53.542443" elapsed="1.991780"/>
</kw>
<kw name="Fill Text And Press Enter">
<kw name="Input Text" owner="SeleniumLibrary">
<msg time="2024-06-25T20:05:55.536234" level="INFO">Typing text 'Prompt engineering' into text field 'name=q'.</msg>
<arg>name=q</arg>
<arg>${text}</arg>
<doc>Types the given ``text`` into the text field identified by ``locator``.</doc>
<status status="PASS" start="2024-06-25T20:05:55.536234" elapsed="0.184267"/>
</kw>
<kw name="Press Keys" owner="SeleniumLibrary">
<msg time="2024-06-25T20:05:55.721501" level="INFO">Sending key(s) ('RETURN',) to name=q element.</msg>
<msg time="2024-06-25T20:05:56.065921" level="INFO">Pressing special key RETURN to element.</msg>
<msg time="2024-06-25T20:05:56.065921" level="INFO">Releasing special key RETURN.</msg>
<arg>name=q</arg>
<arg>RETURN</arg>
<doc>Simulates the user pressing key(s) to an element or on the active browser.</doc>
<status status="PASS" start="2024-06-25T20:05:55.720501" elapsed="1.542327"/>
</kw>
<arg>${input}</arg>
<status status="PASS" start="2024-06-25T20:05:55.535233" elapsed="1.727595"/>
</kw>
<kw name="Sleep" owner="BuiltIn">
<msg time="2024-06-25T20:06:00.264446" level="INFO">Slept 3 seconds.</msg>
<arg>3</arg>
<doc>Pauses the test executed for the given time.</doc>
<status status="PASS" start="2024-06-25T20:05:57.263837" elapsed="3.000609"/>
</kw>
<kw name="Close Browser" owner="SeleniumLibrary">
<doc>Closes the current browser.</doc>
<status status="PASS" start="2024-06-25T20:06:00.265470" elapsed="2.379110"/>
</kw>
<status status="PASS" start="2024-06-25T20:05:53.540418" elapsed="9.106161"/>
</test>
<doc>Login Functionality</doc>
<status status="PASS" start="2024-06-25T20:05:43.969701" elapsed="18.679552"/>
</suite>
<statistics>
<total>
<stat pass="2" fail="0" skip="0">All Tests</stat>
</total>
<tag>
</tag>
<suite>
<stat pass="2" fail="0" skip="0" id="s1" name="multiTest">multiTest</stat>
</suite>
</statistics>
<errors>
</errors>
</robot>
