<?xml version="1.0" encoding="UTF-8"?>
<robot generator="Robot 7.0.1 (Python 3.11.2 on win32)" generated="2024-07-01T20:48:56.619238" rpa="false" schemaversion="5">
<suite id="s1" name="returnTests" source="E:\robot-basics\returnTests.robot">
<test id="s1-t1" name="File Size Should be Atleast 100" line="11">
<kw name="Get Size Of File" owner="FileUtilities">
<msg time="2024-07-01T20:48:56.653355" level="INFO">${file_size} = 236</msg>
<var>${file_size}</var>
<arg>${fileSizePath}</arg>
<status status="PASS" start="2024-07-01T20:48:56.653355" elapsed="0.000000"/>
</kw>
<kw name="Convert To String" owner="BuiltIn">
<msg time="2024-07-01T20:48:56.654456" level="INFO">${file_size_str} = 236</msg>
<var>${file_size_str}</var>
<arg>${file_size}</arg>
<doc>Converts the given item to a Unicode string.</doc>
<status status="PASS" start="2024-07-01T20:48:56.654456" elapsed="0.000000"/>
</kw>
<kw name="Log" owner="BuiltIn">
<msg time="2024-07-01T20:48:56.654456" level="INFO">size of file is 236</msg>
<arg>size of file is ${file_size_str}</arg>
<doc>Logs the given message with the given level.</doc>
<status status="PASS" start="2024-07-01T20:48:56.654456" elapsed="0.000000"/>
</kw>
<kw name="Write Text To Log File" owner="RobotLocalFileUtils">
<arg>${logpath}</arg>
<arg>filesize of ${filesizePath} is ${file_size_str}</arg>
<status status="PASS" start="2024-07-01T20:48:56.654456" elapsed="0.001000"/>
</kw>
<kw name="Should Be True" owner="BuiltIn">
<arg>${file_size}&gt;100</arg>
<doc>Fails if the given condition is not true.</doc>
<status status="PASS" start="2024-07-01T20:48:56.655456" elapsed="0.000000"/>
</kw>
<status status="PASS" start="2024-07-01T20:48:56.652361" elapsed="0.004109"/>
</test>
<doc>Login Functionality</doc>
<status status="PASS" start="2024-07-01T20:48:56.621238" elapsed="0.036443"/>
</suite>
<statistics>
<total>
<stat pass="1" fail="0" skip="0">All Tests</stat>
</total>
<tag>
</tag>
<suite>
<stat pass="1" fail="0" skip="0" id="s1" name="returnTests">returnTests</stat>
</suite>
</statistics>
<errors>
</errors>
</robot>
