<?xml version="1.0" encoding="UTF-8"?>
<robot generator="Robot 7.0.1 (Python 3.11.2 on win32)" generated="2024-07-02T20:12:55.804353" rpa="false" schemaversion="5">
<suite id="s1" name="Dictauto" source="E:\robot-basics\dictauto.robot">
<test id="s1-t1" name="Test Dictionary Logs" line="12">
<for flavor="IN">
<iter>
<kw name="Log Dictionary" owner="FileUtilities">
<arg>${filepath}</arg>
<arg>${x_dict}</arg>
<status status="PASS" start="2024-07-02T20:12:55.828930" elapsed="0.000000"/>
</kw>
<var name="${x_dict}">{'process_id': 'p101', 'name': 'notepad.exe', 'size': '30mb'}</var>
<status status="PASS" start="2024-07-02T20:12:55.828930" elapsed="0.001505"/>
</iter>
<iter>
<kw name="Log Dictionary" owner="FileUtilities">
<arg>${filepath}</arg>
<arg>${x_dict}</arg>
<status status="PASS" start="2024-07-02T20:12:55.830435" elapsed="0.000000"/>
</kw>
<var name="${x_dict}">{'process_id': 'p102', 'name': 'paint.exe', 'size': '53mb'}</var>
<status status="PASS" start="2024-07-02T20:12:55.830435" elapsed="0.000000"/>
</iter>
<iter>
<kw name="Log Dictionary" owner="FileUtilities">
<arg>${filepath}</arg>
<arg>${x_dict}</arg>
<status status="PASS" start="2024-07-02T20:12:55.830435" elapsed="0.000000"/>
</kw>
<var name="${x_dict}">{'process_id': 'p103', 'name': 'robot.exe', 'size': '153mb'}</var>
<status status="PASS" start="2024-07-02T20:12:55.830435" elapsed="0.001005"/>
</iter>
<var>${x_dict}</var>
<value>@{dlist}</value>
<status status="PASS" start="2024-07-02T20:12:55.828930" elapsed="0.002510"/>
</for>
<status status="PASS" start="2024-07-02T20:12:55.828930" elapsed="0.002510"/>
</test>
<doc>Login Functionality</doc>
<status status="PASS" start="2024-07-02T20:12:55.806366" elapsed="0.025707"/>
</suite>
<statistics>
<total>
<stat pass="1" fail="0" skip="0">All Tests</stat>
</total>
<tag>
</tag>
<suite>
<stat pass="1" fail="0" skip="0" id="s1" name="Dictauto">Dictauto</stat>
</suite>
</statistics>
<errors>
</errors>
</robot>
