<?xml version="1.0" encoding="UTF-8"?>
<robot generator="Robot 6.1.1 (Python 3.11.2 on win32)" generated="20240709 20:14:16.656" rpa="false" schemaversion="4">
<suite id="s1" name="SikuliNotepad" source="E:\robot-basics\SikuliNotepad.robot">
<test id="s1-t1" name="Windows Notpad Hellow World" line="11">
<kw name="Add Needed Image Path" type="SETUP">
<kw name="Add Image Path" library="SikuliLibrary">
<arg>${IMAGE_DIR}</arg>
<doc>Add image path</doc>
<status status="PASS" starttime="20240709 20:14:19.479" endtime="20240709 20:14:19.498"/>
</kw>
<status status="PASS" starttime="20240709 20:14:19.479" endtime="20240709 20:14:19.498"/>
</kw>
<kw name="Open Windows Start Menu">
<kw name="Click" library="SikuliLibrary">
<arg>winstart.png</arg>
<doc>Click</doc>
<msg timestamp="20240709 20:14:20.539" level="INFO" html="true">&lt;img src='sikuli_captured/sikuliximage-1720536259844.png'/&gt;
[log] CLICK on L[222,743]@S(0) (574 msec)</msg>
<status status="PASS" starttime="20240709 20:14:19.499" endtime="20240709 20:14:20.539"/>
</kw>
<status status="PASS" starttime="20240709 20:14:19.499" endtime="20240709 20:14:20.539"/>
</kw>
<kw name="Open Notepad">
<kw name="Input Text" library="SikuliLibrary">
<arg>search.png</arg>
<arg>notepad</arg>
<doc>Input text.
 Image could be empty</doc>
<msg timestamp="20240709 20:14:22.274" level="INFO">Input Text:
notepad</msg>
<msg timestamp="20240709 20:14:22.274" level="INFO" html="true">&lt;img src='sikuli_captured/sikuliximage-1720536260780.png'/&gt;
[log] CLICK on L[763,86]@S(0) (581 msec)
[log]  TYPE "notepad"</msg>
<status status="PASS" starttime="20240709 20:14:20.540" endtime="20240709 20:14:22.274"/>
</kw>
<kw name="Click" library="SikuliLibrary">
<arg>notepadexe.png</arg>
<doc>Click</doc>
<msg timestamp="20240709 20:14:23.493" level="INFO" html="true">&lt;img src='sikuli_captured/sikuliximage-1720536262772.png'/&gt;
[log] CLICK on L[395,301]@S(0) (587 msec)</msg>
<status status="PASS" starttime="20240709 20:14:22.274" endtime="20240709 20:14:23.493"/>
</kw>
<kw name="Double Click" library="SikuliLibrary">
<arg>title.png</arg>
<doc>Double click</doc>
<msg timestamp="20240709 20:14:24.643" level="INFO" html="true">&lt;img src='sikuli_captured/sikuliximage-1720536263770.png'/&gt;
[log] DOUBLE CLICK on L[688,594]@S(0) (592 msec)</msg>
<status status="PASS" starttime="20240709 20:14:23.493" endtime="20240709 20:14:24.643"/>
</kw>
<status status="PASS" starttime="20240709 20:14:20.540" endtime="20240709 20:14:24.643"/>
</kw>
<kw name="Input In Notepad">
<kw name="Input Text" library="SikuliLibrary">
<arg>workspace.png</arg>
<arg>Hey Hello!</arg>
<doc>Input text.
 Image could be empty</doc>
<msg timestamp="20240709 20:14:29.700" level="INFO">Input Text:
Hey Hello!</msg>
<msg timestamp="20240709 20:14:29.700" level="INFO" html="true">&lt;img src='sikuli_captured/sikuliximage-1720536269483.png'/&gt;</msg>
<msg timestamp="20240709 20:14:29.702" level="FAIL">com.github.rainmanwy.robotframework.sikulilib.exceptions.TimeoutException: Timeout happened, could not find P(workspace.png) S: 0.699999988079071</msg>
<status status="FAIL" starttime="20240709 20:14:24.644" endtime="20240709 20:14:29.702"/>
</kw>
<status status="FAIL" starttime="20240709 20:14:24.643" endtime="20240709 20:14:29.703"/>
</kw>
<kw name="Stop Remote Server" library="SikuliLibrary" type="TEARDOWN">
<doc>Stops the remote server.</doc>
<msg timestamp="20240709 20:14:29.709" level="INFO">Robot Framework remote server stopping</msg>
<status status="PASS" starttime="20240709 20:14:29.704" endtime="20240709 20:14:29.709"/>
</kw>
<status status="FAIL" starttime="20240709 20:14:19.478" endtime="20240709 20:14:29.710">com.github.rainmanwy.robotframework.sikulilib.exceptions.TimeoutException: Timeout happened, could not find P(workspace.png) S: 0.699999988079071</status>
</test>
<doc>Sikuli Library Demo</doc>
<status status="FAIL" starttime="20240709 20:14:16.660" endtime="20240709 20:14:29.713"/>
</suite>
<statistics>
<total>
<stat pass="0" fail="1" skip="0">All Tests</stat>
</total>
<tag>
</tag>
<suite>
<stat pass="0" fail="1" skip="0" id="s1" name="SikuliNotepad">SikuliNotepad</stat>
</suite>
</statistics>
<errors>
</errors>
</robot>
