<?xml version="1.0" encoding="UTF-8"?>
<robot generator="Robot 7.0.1 (Python 3.11.2 on win32)" generated="2024-06-24T20:46:20.498846" rpa="false" schemaversion="5">
<suite id="s1" name="clickLinks" source="E:\robot-basics\clickLinks.robot">
<test id="s1-t1" name="Testing Selenium Driver" line="6">
<kw name="Open Browser" owner="SeleniumLibrary">
<msg time="2024-06-24T20:46:20.789829" level="INFO">Opening browser 'Chrome' to base url 'https://apple.com'.</msg>
<arg>https://apple.com</arg>
<arg>Chrome</arg>
<doc>Opens a new browser instance to the optional ``url``.</doc>
<status status="PASS" start="2024-06-24T20:46:20.788837" elapsed="4.408018"/>
</kw>
<kw name="Click Link" owner="SeleniumLibrary">
<msg time="2024-06-24T20:46:25.198857" level="INFO">Clicking link 'xpath=//*[@id="globalnav-list"]/li[2]/div/div/div[2]/ul/li[1]/a'.</msg>
<arg>xpath=//*[@id="globalnav-list"]/li[2]/div/div/div[2]/ul/li[1]/a</arg>
<doc>Clicks a link identified by ``locator``.</doc>
<status status="PASS" start="2024-06-24T20:46:25.197856" elapsed="1.204011"/>
</kw>
<kw name="Sleep" owner="BuiltIn">
<msg time="2024-06-24T20:46:31.403391" level="INFO">Slept 5 seconds.</msg>
<arg>5</arg>
<doc>Pauses the test executed for the given time.</doc>
<status status="PASS" start="2024-06-24T20:46:26.402862" elapsed="5.000529"/>
</kw>
<status status="PASS" start="2024-06-24T20:46:20.787833" elapsed="10.616162"/>
</test>
<doc>Login Functionality</doc>
<status status="PASS" start="2024-06-24T20:46:20.500847" elapsed="10.905080"/>
</suite>
<statistics>
<total>
<stat pass="1" fail="0" skip="0">All Tests</stat>
</total>
<tag>
</tag>
<suite>
<stat pass="1" fail="0" skip="0" id="s1" name="clickLinks">clickLinks</stat>
</suite>
</statistics>
<errors>
</errors>
</robot>
