<?xml version="1.0" encoding="UTF-8"?>
<robot generator="Robot 6.1.1 (Python 3.11.2 on win32)" generated="20240710 20:16:17.506" rpa="false" schemaversion="4">
<suite id="s1" name="SikuliOCR" source="E:\robot-basics\SikuliOCR.robot">
<test id="s1-t1" name="Test it now" line="11">
<kw name="Add Needed Image Path" type="SETUP">
<kw name="Add Image Path" library="SikuliLibrary">
<arg>${IMAGE_DIR}</arg>
<doc>Add image path</doc>
<status status="PASS" starttime="20240710 20:16:22.187" endtime="20240710 20:16:22.222"/>
</kw>
<status status="PASS" starttime="20240710 20:16:22.187" endtime="20240710 20:16:22.223"/>
</kw>
<kw name="Open Windows Start Menu">
<kw name="Click" library="SikuliLibrary">
<arg>winstart.png</arg>
<doc>Click</doc>
<msg timestamp="20240710 20:16:23.729" level="INFO" html="true">&lt;img src='sikuli_captured/sikuliximage-1720622782856.png'/&gt;
[log] CLICK on L[227,743]@S(0) (604 msec)</msg>
<status status="PASS" starttime="20240710 20:16:22.224" endtime="20240710 20:16:23.729"/>
</kw>
<status status="PASS" starttime="20240710 20:16:22.224" endtime="20240710 20:16:23.730"/>
</kw>
<kw name="Click" library="SikuliLibrary">
<arg>handw.png</arg>
<doc>Click</doc>
<msg timestamp="20240710 20:16:25.398" level="INFO" html="true">&lt;img src='sikuli_captured/sikuliximage-1720622784460.png'/&gt;
[log] CLICK on L[500,573]@S(0) (627 msec)</msg>
<status status="PASS" starttime="20240710 20:16:23.730" endtime="20240710 20:16:25.398"/>
</kw>
<kw name="Wait For Image" library="SikuliLibrary">
<arg>handwriting.png</arg>
<arg>x.png</arg>
<arg>10</arg>
<doc>Wait For Image</doc>
<msg timestamp="20240710 20:16:36.156" level="INFO">[error] ImagePath: find: not there: x.png
[error] ImagePath: find: not there: x.png
[error] ImagePath: find: not there: x.png
[error] ImagePath: find: not there: x.png
[error] ImagePath: find: not there: x.png
[error] ImagePath: find: not there: x.png
[error] ImagePath: find: not there: x.png
[error] ImagePath: find: not there: x.png
[error] ImagePath: find: not there: x.png
[error] ImagePath: find: not there: x.png
[error] ImagePath: find: not there: x.png
[error] ImagePath: find: not there: x.png</msg>
<msg timestamp="20240710 20:16:36.156" level="INFO" html="true">&lt;img src='sikuli_captured/sikuliximage-1720622795641.png'/&gt;</msg>
<msg timestamp="20240710 20:16:36.157" level="FAIL">com.github.rainmanwy.robotframework.sikulilib.exceptions.TimeoutException: Could not find handwriting.png</msg>
<status status="FAIL" starttime="20240710 20:16:25.415" endtime="20240710 20:16:36.157"/>
</kw>
<kw name="Set Ocr Language" library="SikuliLibrary">
<arg>eng</arg>
<doc>Set OCR language</doc>
<status status="NOT RUN" starttime="20240710 20:16:36.158" endtime="20240710 20:16:36.158"/>
</kw>
<kw name="Set Ocr Text Read" library="SikuliLibrary">
<arg>true</arg>
<doc>OCR text read
If needed use Set OCR Language before.`
Default language : English (eng).</doc>
<status status="NOT RUN" starttime="20240710 20:16:36.158" endtime="20240710 20:16:36.158"/>
</kw>
<kw name="Get Text" library="SikuliLibrary">
<var>${ocr}</var>
<arg>handwriting.png</arg>
<doc>Get text</doc>
<status status="NOT RUN" starttime="20240710 20:16:36.159" endtime="20240710 20:16:36.159"/>
</kw>
<kw name="Log" library="BuiltIn">
<arg>${ocr}</arg>
<doc>Logs the given message with the given level.</doc>
<status status="NOT RUN" starttime="20240710 20:16:36.160" endtime="20240710 20:16:36.160"/>
</kw>
<kw name="Stop Remote Server" library="SikuliLibrary" type="TEARDOWN">
<doc>Stops the remote server.</doc>
<msg timestamp="20240710 20:16:36.171" level="INFO">Robot Framework remote server stopping</msg>
<status status="PASS" starttime="20240710 20:16:36.161" endtime="20240710 20:16:36.172"/>
</kw>
<status status="FAIL" starttime="20240710 20:16:22.186" endtime="20240710 20:16:36.172">com.github.rainmanwy.robotframework.sikulilib.exceptions.TimeoutException: Could not find handwriting.png</status>
</test>
<doc>Sikuli Library Demo</doc>
<status status="FAIL" starttime="20240710 20:16:17.508" endtime="20240710 20:16:36.175"/>
</suite>
<statistics>
<total>
<stat pass="0" fail="1" skip="0">All Tests</stat>
</total>
<tag>
</tag>
<suite>
<stat pass="0" fail="1" skip="0" id="s1" name="SikuliOCR">SikuliOCR</stat>
</suite>
</statistics>
<errors>
</errors>
</robot>
