<?xml version="1.0" encoding="UTF-8"?>
<robot generator="Robot 6.1.1 (Python 3.11.2 on win32)" generated="20240710 19:53:11.545" rpa="true" schemaversion="4">
<suite id="s1" name="sikuliTaskManager" source="E:\robot-basics\sikuliTaskManager.robot">
<kw name="Add Needed Image Path" type="SETUP">
<kw name="Add Image Path" library="SikuliLibrary">
<arg>${IMAGE_DIR}</arg>
<doc>Add image path</doc>
<status status="PASS" starttime="20240710 19:53:15.814" endtime="20240710 19:53:15.835"/>
</kw>
<status status="PASS" starttime="20240710 19:53:15.814" endtime="20240710 19:53:15.835"/>
</kw>
<test id="s1-t1" name="Task Manager Open" line="11">
<kw name="Open Windows Start Menu">
<kw name="Click" library="SikuliLibrary">
<arg>winstart.png</arg>
<doc>Click</doc>
<msg timestamp="20240710 19:53:17.801" level="INFO" html="true">&lt;img src='sikuli_captured/sikuliximage-1720621396862.png'/&gt;
[log] CLICK on L[227,743]@S(0) (598 msec)</msg>
<status status="PASS" starttime="20240710 19:53:15.837" endtime="20240710 19:53:17.801"/>
</kw>
<status status="PASS" starttime="20240710 19:53:15.837" endtime="20240710 19:53:17.801"/>
</kw>
<kw name="Open Taskmgr">
<kw name="Input Text" library="SikuliLibrary">
<arg>search.png</arg>
<arg>Task Manager</arg>
<doc>Input text.
 Image could be empty</doc>
<msg timestamp="20240710 19:53:21.692" level="INFO">Input Text:
Task Manager</msg>
<msg timestamp="20240710 19:53:21.692" level="INFO" html="true">&lt;img src='sikuli_captured/sikuliximage-1720621398376.png'/&gt;
[log] CLICK on L[612,86]@S(0) (612 msec)
[log]  TYPE "Task Manager"</msg>
<status status="PASS" starttime="20240710 19:53:17.803" endtime="20240710 19:53:21.692"/>
</kw>
<kw name="Click" library="SikuliLibrary">
<arg>taskmanager.png</arg>
<doc>Click</doc>
<msg timestamp="20240710 19:53:23.413" level="INFO" html="true">&lt;img src='sikuli_captured/sikuliximage-1720621402250.png'/&gt;
[log] CLICK on L[405,234]@S(0) (579 msec)</msg>
<status status="PASS" starttime="20240710 19:53:21.693" endtime="20240710 19:53:23.415"/>
</kw>
<status status="PASS" starttime="20240710 19:53:17.802" endtime="20240710 19:53:23.415"/>
</kw>
<status status="PASS" starttime="20240710 19:53:15.835" endtime="20240710 19:53:23.416"/>
</test>
<test id="s1-t2" name="Click Performance" line="14">
<kw name="Click Performance and Capture screen">
<kw name="Wait For Image" library="SikuliLibrary">
<arg>performance.png</arg>
<arg>x.png</arg>
<arg>5</arg>
<doc>Wait For Image</doc>
<msg timestamp="20240710 19:53:26.500" level="INFO">[error] ImagePath: find: not there: x.png
[error] ImagePath: find: not there: x.png
[error] ImagePath: find: not there: x.png
[error] ImagePath: find: not there: x.png</msg>
<status status="PASS" starttime="20240710 19:53:23.420" endtime="20240710 19:53:26.500"/>
</kw>
<kw name="Highlight" library="SikuliLibrary">
<arg>performance.png</arg>
<arg>5</arg>
<doc>Highlight matched image.
 If secs is set, highlight will vanish automatically after setted seconds</doc>
<msg timestamp="20240710 19:53:32.547" level="INFO">[log] highlight M[88,157 112x16]On(0) S 9999 for 5.0 secs</msg>
<msg timestamp="20240710 19:53:32.548" level="INFO" html="true">&lt;img src='sikuli_captured/sikuliximage-1720621412410.png'/&gt;</msg>
<status status="PASS" starttime="20240710 19:53:26.501" endtime="20240710 19:53:32.548"/>
</kw>
<kw name="Click" library="SikuliLibrary">
<arg>performance.png</arg>
<doc>Click</doc>
<msg timestamp="20240710 19:53:33.627" level="INFO" html="true">&lt;img src='sikuli_captured/sikuliximage-1720621412782.png'/&gt;
[log] CLICK on L[144,165]@S(0) (576 msec)</msg>
<status status="PASS" starttime="20240710 19:53:32.548" endtime="20240710 19:53:33.627"/>
</kw>
<kw name="Capture Screen" library="SikuliLibrary">
<var>${image}</var>
<doc>Capture whole screen, file name is returned</doc>
<msg timestamp="20240710 19:53:33.880" level="INFO" html="true">&lt;img src='sikuli_captured/sikuliximage-1720621413682.png'/&gt;</msg>
<msg timestamp="20240710 19:53:33.880" level="INFO">${image} = E:\robot-basics\sikuli_captured\sikuliximage-1720621413682.png</msg>
<status status="PASS" starttime="20240710 19:53:33.627" endtime="20240710 19:53:33.880"/>
</kw>
<kw name="Log" library="BuiltIn">
<arg>${image}</arg>
<doc>Logs the given message with the given level.</doc>
<msg timestamp="20240710 19:53:33.881" level="INFO">E:\robot-basics\sikuli_captured\sikuliximage-1720621413682.png</msg>
<status status="PASS" starttime="20240710 19:53:33.881" endtime="20240710 19:53:33.881"/>
</kw>
<status status="PASS" starttime="20240710 19:53:23.419" endtime="20240710 19:53:33.881"/>
</kw>
<status status="PASS" starttime="20240710 19:53:23.418" endtime="20240710 19:53:33.883"/>
</test>
<kw name="Stop Remote Server" library="SikuliLibrary" type="TEARDOWN">
<doc>Stops the remote server.</doc>
<msg timestamp="20240710 19:53:33.900" level="INFO">Robot Framework remote server stopping</msg>
<status status="PASS" starttime="20240710 19:53:33.891" endtime="20240710 19:53:33.900"/>
</kw>
<doc>Sikuli Library Demo</doc>
<status status="PASS" starttime="20240710 19:53:11.547" endtime="20240710 19:53:33.900"/>
</suite>
<statistics>
<total>
<stat pass="2" fail="0" skip="0">All Tasks</stat>
</total>
<tag>
</tag>
<suite>
<stat pass="2" fail="0" skip="0" id="s1" name="sikuliTaskManager">sikuliTaskManager</stat>
</suite>
</statistics>
<errors>
</errors>
</robot>
