<?xml version="1.0" encoding="UTF-8"?>
<robot generator="Robot 6.1.1 (Python 3.11.2 on win32)" generated="20240703 20:11:33.822" rpa="false" schemaversion="4">
<suite id="s1" name="Firstdesktopauto" source="E:\robot-basics\firstdesktopauto.robot">
<test id="s1-t1" name="Run Applications" line="10">
<kw name="Run Command">
<arg>${CALCULATOR}</arg>
<kw name="Windows Run" library="RPA.Windows">
<arg>${appname}</arg>
<tag>window</tag>
<doc>Use Windows Run window to launch an application.</doc>
<msg timestamp="20240703 20:11:34.520" level="INFO">Sending keys '{Win}r' to element: &lt;module 'uiautomation' from 'E:\\robot-basics\\env\\Lib\\site-packages\\uiautomation\\__init__.py'&gt;</msg>
<msg timestamp="20240703 20:11:35.114" level="INFO">Sending keys 'calc.exe' to element: &lt;module 'uiautomation' from 'E:\\robot-basics\\env\\Lib\\site-packages\\uiautomation\\__init__.py'&gt;</msg>
<msg timestamp="20240703 20:11:35.783" level="INFO">Sending keys '{Enter}' to element: &lt;module 'uiautomation' from 'E:\\robot-basics\\env\\Lib\\site-packages\\uiautomation\\__init__.py'&gt;</msg>
<status status="PASS" starttime="20240703 20:11:34.519" endtime="20240703 20:11:39.315"/>
</kw>
<status status="PASS" starttime="20240703 20:11:34.518" endtime="20240703 20:11:39.315"/>
</kw>
<kw name="Control Window" library="RPA.Windows">
<arg>Calculator</arg>
<tag>window</tag>
<doc>Controls the window defined by the locator.</doc>
<msg timestamp="20240703 20:11:39.941" level="INFO">Getting element with locator: Calculator and type:WindowControl</msg>
<msg timestamp="20240703 20:11:39.941" level="INFO">Resulted root element: WindowsElement(item=&lt;uiautomation.uiautomation.PaneControl object at 0x0000026B3409AC10&gt;, locator='Calculator and type:WindowControl', name='Desktop 1', automation_id='', control_type='PaneControl', class_name='#32769', left=0, right=1366, top=0, bottom=768, width=1366, height=768, xcenter=683, ycenter=384)</msg>
<msg timestamp="20240703 20:11:39.942" level="INFO">Locator 'Calculator and type:WindowControl' produced matcher: MatchObject(locators=[('Name', 'Calculator', 0), ('ControlType', 'WindowControl', 0)], _classes=set(), max_level=0)</msg>
<msg timestamp="20240703 20:11:40.831" level="INFO">Returning element: WindowsElement(item=&lt;uiautomation.uiautomation.WindowControl object at 0x0000026B35A34FD0&gt;, locator='Calculator and type:WindowControl', name='Calculator', automation_id='', control_type='WindowControl', class_name='ApplicationFrameWindow', left=49, right=385, top=69, bottom=610, width=336, height=541, xcenter=217, ycenter=339)</msg>
<status status="PASS" starttime="20240703 20:11:39.316" endtime="20240703 20:11:41.335"/>
</kw>
<kw name="Run Command">
<arg>${NOTEPAD}</arg>
<kw name="Windows Run" library="RPA.Windows">
<arg>${appname}</arg>
<tag>window</tag>
<doc>Use Windows Run window to launch an application.</doc>
<msg timestamp="20240703 20:11:41.337" level="INFO">Sending keys '{Win}r' to element: &lt;module 'uiautomation' from 'E:\\robot-basics\\env\\Lib\\site-packages\\uiautomation\\__init__.py'&gt;</msg>
<msg timestamp="20240703 20:11:41.903" level="INFO">Sending keys 'notepad' to element: &lt;module 'uiautomation' from 'E:\\robot-basics\\env\\Lib\\site-packages\\uiautomation\\__init__.py'&gt;</msg>
<msg timestamp="20240703 20:11:42.563" level="INFO">Sending keys '{Enter}' to element: &lt;module 'uiautomation' from 'E:\\robot-basics\\env\\Lib\\site-packages\\uiautomation\\__init__.py'&gt;</msg>
<status status="PASS" starttime="20240703 20:11:41.337" endtime="20240703 20:11:46.093"/>
</kw>
<status status="PASS" starttime="20240703 20:11:41.336" endtime="20240703 20:11:46.093"/>
</kw>
<kw name="Control Window" library="RPA.Windows">
<arg>reportnow.txt - Notepad</arg>
<tag>window</tag>
<doc>Controls the window defined by the locator.</doc>
<msg timestamp="20240703 20:11:46.096" level="INFO">Getting element with locator: reportnow.txt - Notepad and type:WindowControl</msg>
<msg timestamp="20240703 20:11:46.096" level="INFO">Resulted root element: WindowsElement(item=&lt;uiautomation.uiautomation.PaneControl object at 0x0000026B35E38410&gt;, locator='reportnow.txt - Notepad and type:WindowControl', name='Desktop 1', automation_id='', control_type='PaneControl', class_name='#32769', left=0, right=1366, top=0, bottom=768, width=1366, height=768, xcenter=683, ycenter=384)</msg>
<msg timestamp="20240703 20:11:46.096" level="INFO">Locator 'reportnow.txt - Notepad and type:WindowControl' produced matcher: MatchObject(locators=[('Name', 'reportnow.txt - Notepad', 0), ('ControlType', 'WindowControl', 0)], _classes=set(), max_level=0)</msg>
<msg timestamp="20240703 20:11:46.917" level="INFO">Returning element: WindowsElement(item=&lt;uiautomation.uiautomation.WindowControl object at 0x0000026B35A360D0&gt;, locator='reportnow.txt - Notepad and type:WindowControl', name='reportnow.txt - Notepad', automation_id='', control_type='WindowControl', class_name='Notepad', left=104, right=1129, top=104, bottom=623, width=1025, height=519, xcenter=616, ycenter=363)</msg>
<status status="PASS" starttime="20240703 20:11:46.093" endtime="20240703 20:11:47.424"/>
</kw>
<status status="PASS" starttime="20240703 20:11:34.516" endtime="20240703 20:11:47.424"/>
</test>
<doc>RPA Windows Application</doc>
<status status="PASS" starttime="20240703 20:11:33.825" endtime="20240703 20:11:47.427"/>
</suite>
<statistics>
<total>
<stat pass="1" fail="0" skip="0">All Tests</stat>
</total>
<tag>
</tag>
<suite>
<stat pass="1" fail="0" skip="0" id="s1" name="Firstdesktopauto">Firstdesktopauto</stat>
</suite>
</statistics>
<errors>
</errors>
</robot>
