<?xml version="1.0" encoding="UTF-8"?>
<robot generator="Robot 7.0.1 (Python 3.11.2 on win32)" generated="2024-07-01T20:06:14.535988" rpa="false" schemaversion="5">
<suite id="s1" name="newTask" source="E:\robot-basics\newTask.robot">
<test id="s1-t1" name="File Copy Testing" line="10">
<kw name="Move File" owner="FileUtilities">
<arg>${sourcef}</arg>
<arg>${destf}</arg>
<status status="PASS" start="2024-07-01T20:06:14.560185" elapsed="0.000000"/>
</kw>
<kw name="Log" owner="BuiltIn">
<msg time="2024-07-01T20:06:14.561182" level="INFO">File successfully Written</msg>
<arg>File successfully Written</arg>
<doc>Logs the given message with the given level.</doc>
<status status="PASS" start="2024-07-01T20:06:14.561182" elapsed="0.000000"/>
</kw>
<kw name="Write Text To Log File" owner="RobotLocalFileUtils">
<arg>${logpath}</arg>
<arg>${sourcef} written to ${destf}</arg>
<status status="PASS" start="2024-07-01T20:06:14.561182" elapsed="0.000000"/>
</kw>
<status status="PASS" start="2024-07-01T20:06:14.560185" elapsed="0.001989"/>
</test>
<doc>Login Functionality</doc>
<status status="PASS" start="2024-07-01T20:06:14.536984" elapsed="0.025190"/>
</suite>
<statistics>
<total>
<stat pass="1" fail="0" skip="0">All Tests</stat>
</total>
<tag>
</tag>
<suite>
<stat pass="1" fail="0" skip="0" id="s1" name="newTask">newTask</stat>
</suite>
</statistics>
<errors>
</errors>
</robot>
