<?xml version="1.0" encoding="UTF-8"?>
<robot generator="Robot 6.1.1 (Python 3.11.2 on win32)" generated="20240711 19:58:02.413" rpa="false" schemaversion="4">
<suite id="s1" name="Runautomations" source="E:\robot-basics\runautomations.robot">
<test id="s1-t1" name="Run Automated Tasks" line="10">
<kw name="Run Executables">
<arg>${cmdautomation}</arg>
<kw name="Start Process" library="Process">
<arg>${processname}</arg>
<doc>Starts a new process on background.</doc>
<msg timestamp="20240711 19:58:02.440" level="INFO">Starting process:
e:/autoitscripts/cmdscript.exe</msg>
<status status="PASS" starttime="20240711 19:58:02.440" endtime="20240711 19:58:02.443"/>
</kw>
<status status="PASS" starttime="20240711 19:58:02.439" endtime="20240711 19:58:02.443"/>
</kw>
<kw name="Run Executables">
<arg>${notepadautomation}</arg>
<kw name="Start Process" library="Process">
<arg>${processname}</arg>
<doc>Starts a new process on background.</doc>
<msg timestamp="20240711 19:58:02.445" level="INFO">Starting process:
e:/autoitscripts/note1.exe</msg>
<status status="PASS" starttime="20240711 19:58:02.445" endtime="20240711 19:58:03.768"/>
</kw>
<status status="PASS" starttime="20240711 19:58:02.445" endtime="20240711 19:58:03.768"/>
</kw>
<status status="PASS" starttime="20240711 19:58:02.439" endtime="20240711 19:58:03.768"/>
</test>
<doc>Running Executables</doc>
<status status="PASS" starttime="20240711 19:58:02.413" endtime="20240711 19:58:03.769"/>
</suite>
<statistics>
<total>
<stat pass="1" fail="0" skip="0">All Tests</stat>
</total>
<tag>
</tag>
<suite>
<stat pass="1" fail="0" skip="0" id="s1" name="Runautomations">Runautomations</stat>
</suite>
</statistics>
<errors>
</errors>
</robot>
